[debug] [2023-01-19T17:13:42.785Z] ----------------------------------------------------------------------
[debug] [2023-01-19T17:13:42.787Z] Command:       C:\Program Files\nodejs\node.exe C:\Users\shour\AppData\Roaming\npm\node_modules\firebase-tools\lib\bin\firebase.js init
[debug] [2023-01-19T17:13:42.788Z] CLI Version:   11.20.0
[debug] [2023-01-19T17:13:42.788Z] Platform:      win32
[debug] [2023-01-19T17:13:42.788Z] Node Version:  v16.15.1
[debug] [2023-01-19T17:13:42.790Z] Time:          Thu Jan 19 2023 23:13:42 GMT+0600 (Bangladesh Standard Time)
[debug] [2023-01-19T17:13:42.790Z] ----------------------------------------------------------------------
[debug] 
[debug] [2023-01-19T17:13:42.887Z] > command requires scopes: ["email","openid","https://www.googleapis.com/auth/cloudplatformprojects.readonly","https://www.googleapis.com/auth/firebase","https://www.googleapis.com/auth/cloud-platform"]
[debug] [2023-01-19T17:13:42.887Z] > authorizing via signed-in user (shourovhasan91@gmail.com)
[info] 
     ######## #### ########  ######## ########     ###     ######  ########
     ##        ##  ##     ## ##       ##     ##  ##   ##  ##       ##
     ######    ##  ########  ######   ########  #########  ######  ######
     ##        ##  ##    ##  ##       ##     ## ##     ##       ## ##
     ##       #### ##     ## ######## ########  ##     ##  ######  ########

You're about to initialize a Firebase project in this directory:

  D:\Web Development Learning\Rancike Solutions\rancike-solutions

Before we get started, keep in mind:

  * You are initializing within an existing Firebase project directory

[info] 
=== Project Setup
[info] 
[info] First, let's associate this project directory with a Firebase project.
[info] You can create multiple project aliases by running firebase use --add, 
[info] but for now we'll just set up a default project.
[info] 
[debug] [2023-01-19T17:13:52.939Z] Using project from CLI flag: aiub-learning-platform
[debug] [2023-01-19T17:13:52.943Z] >>> [apiv2][query] GET https://firebase.googleapis.com/v1beta1/projects/aiub-learning-platform [none]
[debug] [2023-01-19T17:13:54.156Z] <<< [apiv2][status] GET https://firebase.googleapis.com/v1beta1/projects/aiub-learning-platform 200
[debug] [2023-01-19T17:13:54.156Z] <<< [apiv2][body] GET https://firebase.googleapis.com/v1beta1/projects/aiub-learning-platform {"projectId":"aiub-learning-platform","projectNumber":"1013010580043","displayName":"aiub-learning-platform","name":"projects/aiub-learning-platform","resources":{"hostingSite":"aiub-learning-platform"},"state":"ACTIVE","etag":"1_1085a961-85cc-4ade-9c3c-0dd77727eb69"}
[info] i  Using project aiub-learning-platform (aiub-learning-platform) 
[info] 
=== Hosting Setup
[info] 
[info] Your public directory is the folder (relative to your project directory) that
[info] will contain Hosting assets to be uploaded with firebase deploy. If you
[info] have a build process for your assets, use your build's output directory.
[info] 
[debug] [2023-01-19T17:16:13.153Z] ----------------------------------------------------------------------
[debug] [2023-01-19T17:16:13.158Z] Command:       C:\Program Files\nodejs\node.exe C:\Users\shour\AppData\Roaming\npm\node_modules\firebase-tools\lib\bin\firebase.js init
[debug] [2023-01-19T17:16:13.160Z] CLI Version:   11.20.0
[debug] [2023-01-19T17:16:13.160Z] Platform:      win32
[debug] [2023-01-19T17:16:13.160Z] Node Version:  v16.15.1
[debug] [2023-01-19T17:16:13.161Z] Time:          Thu Jan 19 2023 23:16:13 GMT+0600 (Bangladesh Standard Time)
[debug] [2023-01-19T17:16:13.162Z] ----------------------------------------------------------------------
[debug] 
[debug] [2023-01-19T17:16:13.338Z] > command requires scopes: ["email","openid","https://www.googleapis.com/auth/cloudplatformprojects.readonly","https://www.googleapis.com/auth/firebase","https://www.googleapis.com/auth/cloud-platform"]
[debug] [2023-01-19T17:16:13.340Z] > authorizing via signed-in user (shourovhasan91@gmail.com)
[info] 
     ######## #### ########  ######## ########     ###     ######  ########
     ##        ##  ##     ## ##       ##     ##  ##   ##  ##       ##
     ######    ##  ########  ######   ########  #########  ######  ######
     ##        ##  ##    ##  ##       ##     ## ##     ##       ## ##
     ##       #### ##     ## ######## ########  ##     ##  ######  ########

You're about to initialize a Firebase project in this directory:

  D:\Web Development Learning\Rancike Solutions\rancike-solutions

Before we get started, keep in mind:

  * You are initializing within an existing Firebase project directory

[info] 
=== Project Setup
[info] 
[info] First, let's associate this project directory with a Firebase project.
[info] You can create multiple project aliases by running firebase use --add, 
[info] but for now we'll just set up a default project.
[info] 
[debug] [2023-01-19T17:16:26.962Z] Using project from CLI flag: aiub-learning-platform
[debug] [2023-01-19T17:16:26.966Z] >>> [apiv2][query] GET https://firebase.googleapis.com/v1beta1/projects/aiub-learning-platform [none]
[debug] [2023-01-19T17:16:30.668Z] <<< [apiv2][status] GET https://firebase.googleapis.com/v1beta1/projects/aiub-learning-platform 200
[debug] [2023-01-19T17:16:30.668Z] <<< [apiv2][body] GET https://firebase.googleapis.com/v1beta1/projects/aiub-learning-platform {"projectId":"aiub-learning-platform","projectNumber":"1013010580043","displayName":"aiub-learning-platform","name":"projects/aiub-learning-platform","resources":{"hostingSite":"aiub-learning-platform"},"state":"ACTIVE","etag":"1_1085a961-85cc-4ade-9c3c-0dd77727eb69"}
[info] i  Using project aiub-learning-platform (aiub-learning-platform) 
[info] 
=== Hosting Setup
[info] 
[info] Your public directory is the folder (relative to your project directory) that
[info] will contain Hosting assets to be uploaded with firebase deploy. If you
[info] have a build process for your assets, use your build's output directory.
[info] 
